<html>
<head>
<title>TestNG:  Surefire test</title>
<link href="../testng.css" rel="stylesheet" type="text/css" />
<link href="../my-testng.css" rel="stylesheet" type="text/css" />

<style type="text/css">
.log { display: none;} 
.stack-trace { display: none;} 
</style>
<script type="text/javascript">
<!--
function flip(e) {
  current = e.style.display;
  if (current == 'block') {
    e.style.display = 'none';
    return 0;
  }
  else {
    e.style.display = 'block';
    return 1;
  }
}

function toggleBox(szDivId, elem, msg1, msg2)
{
  var res = -1;  if (document.getElementById) {
    res = flip(document.getElementById(szDivId));
  }
  else if (document.all) {
    // this is the way old msie versions work
    res = flip(document.all[szDivId]);
  }
  if(elem) {
    if(res == 0) elem.innerHTML = msg1; else elem.innerHTML = msg2;
  }

}

function toggleAllBoxes() {
  if (document.getElementsByTagName) {
    d = document.getElementsByTagName('div');
    for (i = 0; i < d.length; i++) {
      if (d[i].className == 'log') {
        flip(d[i]);
      }
    }
  }
}

// -->
</script>

</head>
<body>
<h2 align='center'>Surefire test</h2><table border='1' align="center">
<tr>
<td>Tests passed/Failed/Skipped:</td><td>7/6/0</td>
</tr><tr>
<td>Started on:</td><td>Mon Nov 27 22:31:36 IST 2023</td>
</tr>
<tr><td>Total time:</td><td>361 seconds (361477 ms)</td>
</tr><tr>
<td>Included groups:</td><td></td>
</tr><tr>
<td>Excluded groups:</td><td></td>
</tr>
</table><p/>
<small><i>(Hover the method name to see the test class name)</i></small><p/>
<table width='100%' border='1' class='invocation-failed'>
<tr><td colspan='4' align='center'><b>FAILED TESTS</b></td></tr>
<tr><td><b>Test method</b></td>
<td><b>Attribute(s)</b></td>
<td width="30%"><b>Exception</b></td>
<td width="10%"><b>Time (seconds)</b></td>
<td><b>Instance</b></td>
</tr>
<tr>
<td title='com.sos.testRunner.TestNG_TestRunner.runScenario()'><b>runScenario</b><br>Test class: com.sos.testRunner.TestNG_TestRunner<br>Test method: Runs Cucumber Scenarios<br>Parameters: "MakePayment functionaliy", "Verify Upload your Draft Upload Functionality"</td>
<td><div><pre>java.lang.AssertionError: expected [1872] but found [1854]
	at com.sos.stepDefinitions.RAUploadYourDraft.validate_the_quotation_price_detailss(RAUploadYourDraft.java:174)
	at ✽.validate the Quotation Price Details After adding extracopy(file:///home/milind/Desktop/WebTestFolder/ProjectFirst/SoftSolutions/src/test/resources/HSFeatures/UploadYourDraft.feature:74)
... Removed 7 stack frames</pre></div><a href='#' onClick='toggleBox("stack-trace1962794445", this, "Click to show all stack frames", "Click to hide stack frames")'>Click to show all stack frames</a>
<div class='stack-trace' id='stack-trace1962794445'><pre>java.lang.AssertionError: expected [1872] but found [1854]
	at org.testng.Assert.fail(Assert.java:111)
	at org.testng.Assert.failNotEquals(Assert.java:1578)
	at org.testng.Assert.assertEqualsImpl(Assert.java:150)
	at org.testng.Assert.assertEquals(Assert.java:132)
	at org.testng.Assert.assertEquals(Assert.java:1419)
	at org.testng.Assert.assertEquals(Assert.java:1383)
	at org.testng.Assert.assertEquals(Assert.java:1429)
	at com.sos.stepDefinitions.RAUploadYourDraft.validate_the_quotation_price_detailss(RAUploadYourDraft.java:174)
	at ✽.validate the Quotation Price Details After adding extracopy(file:///home/milind/Desktop/WebTestFolder/ProjectFirst/SoftSolutions/src/test/resources/HSFeatures/UploadYourDraft.feature:74)
</pre></div></td>
<td>128</td>
<td>com.sos.testRunner.TestNG_TestRunner@3cebbb30</td></tr>
<tr>
<td title='com.sos.testRunner.TestNG_TestRunner.runScenario()'><b>runScenario</b><br>Test class: com.sos.testRunner.TestNG_TestRunner<br>Test method: Runs Cucumber Scenarios<br>Parameters: "Generate Estimate", "Verify the Non-MH Rental Agreements flow"</td>
<td><div><pre>org.openqa.selenium.NoSuchElementException: no such element: Unable to locate element: {&quot;method&quot;:&quot;css selector&quot;,&quot;selector&quot;:&quot;div[class*=&apos;current-month&apos;]&quot;}
  (Session info: chrome=117.0.5938.149)
For documentation on this error, please visit: https://www.selenium.dev/documentation/webdriver/troubleshooting/errors#no-such-element-exception
Build info: version: &apos;4.13.0&apos;, revision: &apos;ba948ece5b*&apos;
System info: os.name: &apos;Linux&apos;, os.arch: &apos;amd64&apos;, os.version: &apos;5.15.0-88-generic&apos;, java.version: &apos;11.0.15.1&apos;
Driver info: org.openqa.selenium.chrome.ChromeDriver
Command: [1b5a67b0f2ec15e9cc682922031082d7, findElement {using=css selector, value=div[class*=&apos;current-month&apos;]}]
Capabilities {acceptInsecureCerts: false, browserName: chrome, browserVersion: 117.0.5938.149, chrome: {chromedriverVersion: 117.0.5938.149 (e3344ddefa1..., userDataDir: /tmp/.org.chromium.Chromium...}, fedcm:accounts: true, goog:chromeOptions: {debuggerAddress: localhost:45513}, networkConnectionEnabled: false, pageLoadStrategy: normal, platformName: linux, proxy: Proxy(), se:cdp: ws://localhost:45513/devtoo..., se:cdpVersion: 117.0.5938.149, setWindowRect: true, strictFileInteractability: false, timeouts: {implicit: 0, pageLoad: 300000, script: 30000}, unhandledPromptBehavior: dismiss and notify, webauthn:extension:credBlob: true, webauthn:extension:largeBlob: true, webauthn:extension:minPinLength: true, webauthn:extension:prf: true, webauthn:virtualAuthenticators: true}
Session ID: 1b5a67b0f2ec15e9cc682922031082d7
	at org.openqa.selenium.remote.codec.w3c.W3CHttpResponseCodec.createException(W3CHttpResponseCodec.java:200)
	at org.openqa.selenium.remote.codec.w3c.W3CHttpResponseCodec.decode(W3CHttpResponseCodec.java:133)
	at org.openqa.selenium.remote.codec.w3c.W3CHttpResponseCodec.decode(W3CHttpResponseCodec.java:52)
	at org.openqa.selenium.remote.HttpCommandExecutor.execute(HttpCommandExecutor.java:191)
	at org.openqa.selenium.remote.service.DriverCommandExecutor.invokeExecute(DriverCommandExecutor.java:196)
	at org.openqa.selenium.remote.service.DriverCommandExecutor.execute(DriverCommandExecutor.java:171)
	at org.openqa.selenium.remote.RemoteWebDriver.execute(RemoteWebDriver.java:602)
	at org.openqa.selenium.remote.ElementLocation$ElementFinder$2.findElement(ElementLocation.java:165)
	at org.openqa.selenium.remote.ElementLocation.findElement(ElementLocation.java:59)
	at org.openqa.selenium.remote.RemoteWebDriver.findElement(RemoteWebDriver.java:359)
	at org.openqa.selenium.remote.RemoteWebDriver.findElement(RemoteWebDriver.java:353)
	at com.sos.Pages.WebPages.RentalServiceWebPage.genrateEstimate(RentalServiceWebPage.java:153)
	at com.sos.stepDefinitions.RAEstampAgreementFlow.user_selects_stamp_agreement_duration_and_notarised_agreement_e_sign_and_delivery_addons(RAEstampAgreementFlow.java:61)
	at ✽.User Selects Stamp &quot;₹ 100 Stamp&quot;, Agreement Duration &quot;October 2023&quot;, and Notarised Agreement, E-Sign 2 and Delivery addons(file:///home/milind/Desktop/WebTestFolder/ProjectFirst/SoftSolutions/src/test/resources/HSFeatures/NewContiuneFLow.feature:10)
... Removed 3 stack frames</pre></div><a href='#' onClick='toggleBox("stack-trace1062477093", this, "Click to show all stack frames", "Click to hide stack frames")'>Click to show all stack frames</a>
<div class='stack-trace' id='stack-trace1062477093'><pre>org.openqa.selenium.NoSuchElementException: no such element: Unable to locate element: {&quot;method&quot;:&quot;css selector&quot;,&quot;selector&quot;:&quot;div[class*=&apos;current-month&apos;]&quot;}
  (Session info: chrome=117.0.5938.149)
For documentation on this error, please visit: https://www.selenium.dev/documentation/webdriver/troubleshooting/errors#no-such-element-exception
Build info: version: &apos;4.13.0&apos;, revision: &apos;ba948ece5b*&apos;
System info: os.name: &apos;Linux&apos;, os.arch: &apos;amd64&apos;, os.version: &apos;5.15.0-88-generic&apos;, java.version: &apos;11.0.15.1&apos;
Driver info: org.openqa.selenium.chrome.ChromeDriver
Command: [1b5a67b0f2ec15e9cc682922031082d7, findElement {using=css selector, value=div[class*=&apos;current-month&apos;]}]
Capabilities {acceptInsecureCerts: false, browserName: chrome, browserVersion: 117.0.5938.149, chrome: {chromedriverVersion: 117.0.5938.149 (e3344ddefa1..., userDataDir: /tmp/.org.chromium.Chromium...}, fedcm:accounts: true, goog:chromeOptions: {debuggerAddress: localhost:45513}, networkConnectionEnabled: false, pageLoadStrategy: normal, platformName: linux, proxy: Proxy(), se:cdp: ws://localhost:45513/devtoo..., se:cdpVersion: 117.0.5938.149, setWindowRect: true, strictFileInteractability: false, timeouts: {implicit: 0, pageLoad: 300000, script: 30000}, unhandledPromptBehavior: dismiss and notify, webauthn:extension:credBlob: true, webauthn:extension:largeBlob: true, webauthn:extension:minPinLength: true, webauthn:extension:prf: true, webauthn:virtualAuthenticators: true}
Session ID: 1b5a67b0f2ec15e9cc682922031082d7
	at jdk.internal.reflect.GeneratedConstructorAccessor17.newInstance(Unknown Source)
	at java.base/jdk.internal.reflect.DelegatingConstructorAccessorImpl.newInstance(DelegatingConstructorAccessorImpl.java:45)
	at java.base/java.lang.reflect.Constructor.newInstance(Constructor.java:490)
	at org.openqa.selenium.remote.codec.w3c.W3CHttpResponseCodec.createException(W3CHttpResponseCodec.java:200)
	at org.openqa.selenium.remote.codec.w3c.W3CHttpResponseCodec.decode(W3CHttpResponseCodec.java:133)
	at org.openqa.selenium.remote.codec.w3c.W3CHttpResponseCodec.decode(W3CHttpResponseCodec.java:52)
	at org.openqa.selenium.remote.HttpCommandExecutor.execute(HttpCommandExecutor.java:191)
	at org.openqa.selenium.remote.service.DriverCommandExecutor.invokeExecute(DriverCommandExecutor.java:196)
	at org.openqa.selenium.remote.service.DriverCommandExecutor.execute(DriverCommandExecutor.java:171)
	at org.openqa.selenium.remote.RemoteWebDriver.execute(RemoteWebDriver.java:602)
	at org.openqa.selenium.remote.ElementLocation$ElementFinder$2.findElement(ElementLocation.java:165)
	at org.openqa.selenium.remote.ElementLocation.findElement(ElementLocation.java:59)
	at org.openqa.selenium.remote.RemoteWebDriver.findElement(RemoteWebDriver.java:359)
	at org.openqa.selenium.remote.RemoteWebDriver.findElement(RemoteWebDriver.java:353)
	at com.sos.Pages.WebPages.RentalServiceWebPage.genrateEstimate(RentalServiceWebPage.java:153)
	at com.sos.stepDefinitions.RAEstampAgreementFlow.user_selects_stamp_agreement_duration_and_notarised_agreement_e_sign_and_delivery_addons(RAEstampAgreementFlow.java:61)
	at ✽.User Selects Stamp &quot;₹ 100 Stamp&quot;, Agreement Duration &quot;October 2023&quot;, and Notarised Agreement, E-Sign 2 and Delivery addons(file:///home/milind/Desktop/WebTestFolder/ProjectFirst/SoftSolutions/src/test/resources/HSFeatures/NewContiuneFLow.feature:10)
</pre></div></td>
<td>127</td>
<td>com.sos.testRunner.TestNG_TestRunner@3cebbb30</td></tr>
<tr>
<td title='com.sos.testRunner.TestNG_TestRunner.runScenario()'><b>runScenario</b><br>Test class: com.sos.testRunner.TestNG_TestRunner<br>Test method: Runs Cucumber Scenarios<br>Parameters: "Verify Add Add Extra Copy Functionaliy in Upload your draft flow", "Verify Upload your Draft Upload Functionality"</td>
<td><div><pre>java.lang.AssertionError: expected [1872] but found [1854]
	at com.sos.stepDefinitions.RAUploadYourDraft.validate_the_quotation_price_detailss(RAUploadYourDraft.java:174)
	at ✽.validate the Quotation Price Details After adding extracopy(file:///home/milind/Desktop/WebTestFolder/ProjectFirst/SoftSolutions/src/test/resources/HSFeatures/UploadYourDraft.feature:55)
... Removed 7 stack frames</pre></div><a href='#' onClick='toggleBox("stack-trace1457880196", this, "Click to show all stack frames", "Click to hide stack frames")'>Click to show all stack frames</a>
<div class='stack-trace' id='stack-trace1457880196'><pre>java.lang.AssertionError: expected [1872] but found [1854]
	at org.testng.Assert.fail(Assert.java:111)
	at org.testng.Assert.failNotEquals(Assert.java:1578)
	at org.testng.Assert.assertEqualsImpl(Assert.java:150)
	at org.testng.Assert.assertEquals(Assert.java:132)
	at org.testng.Assert.assertEquals(Assert.java:1419)
	at org.testng.Assert.assertEquals(Assert.java:1383)
	at org.testng.Assert.assertEquals(Assert.java:1429)
	at com.sos.stepDefinitions.RAUploadYourDraft.validate_the_quotation_price_detailss(RAUploadYourDraft.java:174)
	at ✽.validate the Quotation Price Details After adding extracopy(file:///home/milind/Desktop/WebTestFolder/ProjectFirst/SoftSolutions/src/test/resources/HSFeatures/UploadYourDraft.feature:55)
</pre></div></td>
<td>136</td>
<td>com.sos.testRunner.TestNG_TestRunner@3cebbb30</td></tr>
<tr>
<td title='com.sos.testRunner.TestNG_TestRunner.runScenario()'><b>runScenario</b><br>Test class: com.sos.testRunner.TestNG_TestRunner<br>Test method: Runs Cucumber Scenarios<br>Parameters: "Validate the functionality for generating a rental agreement estimate without any addons", "Verify the flow for Non-MH Rental Agreements"</td>
<td><div><pre>java.lang.AssertionError: Failed to click on element [By.xpath: //div[contains(@class,&apos;nav-item-content&apos;) and text()=&apos;Log in&apos;]]
	at com.sos.CommonFactory.CommonSelenium.click(CommonSelenium.java:191)
	at com.sos.Pages.WebPages.RentalServiceWebPage.loginSignUpMethod(RentalServiceWebPage.java:101)
	at com.sos.stepDefinitions.RAStampedAgreement.user_enters_a_valid_phone_number_name_and_email(RAStampedAgreement.java:45)
	at ✽.User enters a valid Login Credentials(file:///home/milind/Desktop/WebTestFolder/ProjectFirst/SoftSolutions/src/test/resources/HSFeatures/E-Stamped%20Agreement.feature:5)
... Removed 1 stack frames</pre></div><a href='#' onClick='toggleBox("stack-trace737939576", this, "Click to show all stack frames", "Click to hide stack frames")'>Click to show all stack frames</a>
<div class='stack-trace' id='stack-trace737939576'><pre>java.lang.AssertionError: Failed to click on element [By.xpath: //div[contains(@class,&apos;nav-item-content&apos;) and text()=&apos;Log in&apos;]]
	at org.testng.Assert.fail(Assert.java:111)
	at com.sos.CommonFactory.CommonSelenium.click(CommonSelenium.java:191)
	at com.sos.Pages.WebPages.RentalServiceWebPage.loginSignUpMethod(RentalServiceWebPage.java:101)
	at com.sos.stepDefinitions.RAStampedAgreement.user_enters_a_valid_phone_number_name_and_email(RAStampedAgreement.java:45)
	at ✽.User enters a valid Login Credentials(file:///home/milind/Desktop/WebTestFolder/ProjectFirst/SoftSolutions/src/test/resources/HSFeatures/E-Stamped%20Agreement.feature:5)
</pre></div></td>
<td>37</td>
<td>com.sos.testRunner.TestNG_TestRunner@3cebbb30</td></tr>
<tr>
<td title='com.sos.testRunner.TestNG_TestRunner.runScenario()'><b>runScenario</b><br>Test class: com.sos.testRunner.TestNG_TestRunner<br>Test method: Runs Cucumber Scenarios<br>Parameters: "Verify Add Delivery Address Functionality in Upload your draft flow", "Verify Upload your Draft Upload Functionality"</td>
<td><div><pre>java.lang.AssertionError: Failed to click on element [By.xpath: //div[@class=&apos;title&apos;] [text()=&apos;Upload your Draft&apos;]//following::button[text()=&apos;Select&apos;]]
	at com.sos.CommonFactory.CommonSelenium.click(CommonSelenium.java:191)
	at com.sos.Pages.WebPages.RentalServiceWebPage.selectPackage(RentalServiceWebPage.java:818)
	at com.sos.stepDefinitions.RAUploadYourDraft.user_selects_the_package(RAUploadYourDraft.java:75)
	at ✽.User selects the &quot;Upload your Draft&quot; package(file:///home/milind/Desktop/WebTestFolder/ProjectFirst/SoftSolutions/src/test/resources/HSFeatures/UploadYourDraft.feature:28)
... Removed 1 stack frames</pre></div><a href='#' onClick='toggleBox("stack-trace1048142429", this, "Click to show all stack frames", "Click to hide stack frames")'>Click to show all stack frames</a>
<div class='stack-trace' id='stack-trace1048142429'><pre>java.lang.AssertionError: Failed to click on element [By.xpath: //div[@class=&apos;title&apos;] [text()=&apos;Upload your Draft&apos;]//following::button[text()=&apos;Select&apos;]]
	at org.testng.Assert.fail(Assert.java:111)
	at com.sos.CommonFactory.CommonSelenium.click(CommonSelenium.java:191)
	at com.sos.Pages.WebPages.RentalServiceWebPage.selectPackage(RentalServiceWebPage.java:818)
	at com.sos.stepDefinitions.RAUploadYourDraft.user_selects_the_package(RAUploadYourDraft.java:75)
	at ✽.User selects the &quot;Upload your Draft&quot; package(file:///home/milind/Desktop/WebTestFolder/ProjectFirst/SoftSolutions/src/test/resources/HSFeatures/UploadYourDraft.feature:28)
</pre></div></td>
<td>77</td>
<td>com.sos.testRunner.TestNG_TestRunner@3cebbb30</td></tr>
<tr>
<td title='com.sos.testRunner.TestNG_TestRunner.runScenario()'><b>runScenario</b><br>Test class: com.sos.testRunner.TestNG_TestRunner<br>Test method: Runs Cucumber Scenarios<br>Parameters: "Verify Upload your Draft Functionality without Addons", "Verify Upload your Draft Upload Functionality"</td>
<td><div><pre>java.lang.AssertionError: expected [1029] but found [1011]
	at com.sos.stepDefinitions.RAUploadYourDraft.validate_the_quotation_price_details(RAUploadYourDraft.java:123)
	at ✽.validate the Quotation Price Details(file:///home/milind/Desktop/WebTestFolder/ProjectFirst/SoftSolutions/src/test/resources/HSFeatures/UploadYourDraft.feature:22)
... Removed 7 stack frames</pre></div><a href='#' onClick='toggleBox("stack-trace983033809", this, "Click to show all stack frames", "Click to hide stack frames")'>Click to show all stack frames</a>
<div class='stack-trace' id='stack-trace983033809'><pre>java.lang.AssertionError: expected [1029] but found [1011]
	at org.testng.Assert.fail(Assert.java:111)
	at org.testng.Assert.failNotEquals(Assert.java:1578)
	at org.testng.Assert.assertEqualsImpl(Assert.java:150)
	at org.testng.Assert.assertEquals(Assert.java:132)
	at org.testng.Assert.assertEquals(Assert.java:1419)
	at org.testng.Assert.assertEquals(Assert.java:1383)
	at org.testng.Assert.assertEquals(Assert.java:1429)
	at com.sos.stepDefinitions.RAUploadYourDraft.validate_the_quotation_price_details(RAUploadYourDraft.java:123)
	at ✽.validate the Quotation Price Details(file:///home/milind/Desktop/WebTestFolder/ProjectFirst/SoftSolutions/src/test/resources/HSFeatures/UploadYourDraft.feature:22)
</pre></div></td>
<td>137</td>
<td>com.sos.testRunner.TestNG_TestRunner@3cebbb30</td></tr>
</table><p>
<table width='100%' border='1' class='invocation-passed'>
<tr><td colspan='4' align='center'><b>PASSED TESTS</b></td></tr>
<tr><td><b>Test method</b></td>
<td><b>Attribute(s)</b></td>
<td width="30%"><b>Exception</b></td>
<td width="10%"><b>Time (seconds)</b></td>
<td><b>Instance</b></td>
</tr>
<tr>
<td title='com.sos.testRunner.TestNG_TestRunner.runScenario()'><b>runScenario</b><br>Test class: com.sos.testRunner.TestNG_TestRunner<br>Test method: Runs Cucumber Scenarios<br>Parameters: "New User SignUp Verification", "Verify Upload your Draft Upload Functionality"</td>
<td></td>
<td>44</td>
<td>com.sos.testRunner.TestNG_TestRunner@3cebbb30</td></tr>
<tr>
<td title='com.sos.testRunner.TestNG_TestRunner.runScenario()'><b>runScenario</b><br>Test class: com.sos.testRunner.TestNG_TestRunner<br>Test method: Runs Cucumber Scenarios<br>Parameters: "Verify the Contract Detail Edit Functionality from Summary", "Verify the flow for Non-MH Rental Agreements"</td>
<td></td>
<td>260</td>
<td>com.sos.testRunner.TestNG_TestRunner@3cebbb30</td></tr>
<tr>
<td title='com.sos.testRunner.TestNG_TestRunner.runScenario()'><b>runScenario</b><br>Test class: com.sos.testRunner.TestNG_TestRunner<br>Test method: Runs Cucumber Scenarios<br>Parameters: "Make Payment and Validate Order Status", "Verify the Non-MH Rental Agreements flow"</td>
<td></td>
<td>359</td>
<td>com.sos.testRunner.TestNG_TestRunner@3cebbb30</td></tr>
<tr>
<td title='com.sos.testRunner.TestNG_TestRunner.runScenario()'><b>runScenario</b><br>Test class: com.sos.testRunner.TestNG_TestRunner<br>Test method: Runs Cucumber Scenarios<br>Parameters: "Verify the Landlord Detail Edit Functionality from Summary", "Verify the flow for Non-MH Rental Agreements"</td>
<td></td>
<td>172</td>
<td>com.sos.testRunner.TestNG_TestRunner@3cebbb30</td></tr>
<tr>
<td title='com.sos.testRunner.TestNG_TestRunner.runScenario()'><b>runScenario</b><br>Test class: com.sos.testRunner.TestNG_TestRunner<br>Test method: Runs Cucumber Scenarios<br>Parameters: "Validate the functionality for generating a rental agreement estimate with addons", "Verify the flow for Non-MH Rental Agreements"</td>
<td></td>
<td>132</td>
<td>com.sos.testRunner.TestNG_TestRunner@3cebbb30</td></tr>
<tr>
<td title='com.sos.testRunner.TestNG_TestRunner.runScenario()'><b>runScenario</b><br>Test class: com.sos.testRunner.TestNG_TestRunner<br>Test method: Runs Cucumber Scenarios<br>Parameters: "Verify the Tenant Detail Edit Functionality from Summary", "Verify the flow for Non-MH Rental Agreements"</td>
<td></td>
<td>166</td>
<td>com.sos.testRunner.TestNG_TestRunner@3cebbb30</td></tr>
<tr>
<td title='com.sos.testRunner.TestNG_TestRunner.runScenario()'><b>runScenario</b><br>Test class: com.sos.testRunner.TestNG_TestRunner<br>Test method: Runs Cucumber Scenarios<br>Parameters: "Verify the property Details Edit Functionality from Summary", "Verify the flow for Non-MH Rental Agreements"</td>
<td></td>
<td>168</td>
<td>com.sos.testRunner.TestNG_TestRunner@3cebbb30</td></tr>
</table><p>
</body>
</html>