<html>
<head>
<title>TestNG:  Default test</title>
<link href="../testng.css" rel="stylesheet" type="text/css" />
<link href="../my-testng.css" rel="stylesheet" type="text/css" />

<style type="text/css">
.log { display: none;} 
.stack-trace { display: none;} 
</style>
<script type="text/javascript">
<!--
function flip(e) {
  current = e.style.display;
  if (current == 'block') {
    e.style.display = 'none';
    return 0;
  }
  else {
    e.style.display = 'block';
    return 1;
  }
}

function toggleBox(szDivId, elem, msg1, msg2)
{
  var res = -1;  if (document.getElementById) {
    res = flip(document.getElementById(szDivId));
  }
  else if (document.all) {
    // this is the way old msie versions work
    res = flip(document.all[szDivId]);
  }
  if(elem) {
    if(res == 0) elem.innerHTML = msg1; else elem.innerHTML = msg2;
  }

}

function toggleAllBoxes() {
  if (document.getElementsByTagName) {
    d = document.getElementsByTagName('div');
    for (i = 0; i < d.length; i++) {
      if (d[i].className == 'log') {
        flip(d[i]);
      }
    }
  }
}

// -->
</script>

</head>
<body>
<h2 align='center'>Default test</h2><table border='1' align="center">
<tr>
<td>Tests passed/Failed/Skipped:</td><td>7/5/0</td>
</tr><tr>
<td>Started on:</td><td>Wed Dec 06 22:26:38 IST 2023</td>
</tr>
<tr><td>Total time:</td><td>249 seconds (249056 ms)</td>
</tr><tr>
<td>Included groups:</td><td></td>
</tr><tr>
<td>Excluded groups:</td><td></td>
</tr>
</table><p/>
<small><i>(Hover the method name to see the test class name)</i></small><p/>
<table width='100%' border='1' class='invocation-failed'>
<tr><td colspan='4' align='center'><b>FAILED TESTS</b></td></tr>
<tr><td><b>Test method</b></td>
<td><b>Attribute(s)</b></td>
<td width="30%"><b>Exception</b></td>
<td width="10%"><b>Time (seconds)</b></td>
<td><b>Instance</b></td>
</tr>
<tr>
<td title='com.sos.testRunner.TestNG_TestRunner.runScenario()'><b>runScenario</b><br>Test class: com.sos.testRunner.TestNG_TestRunner<br>Test method: Runs Cucumber Scenarios<br>Parameters: "Make Payment and Validate Order Status", "Verify the Non-MH Rental Agreements flow"</td>
<td><div><pre>org.openqa.selenium.NoSuchElementException: no such element: Unable to locate element: {&quot;method&quot;:&quot;xpath&quot;,&quot;selector&quot;:&quot;(//label[contains(@for,&apos;nbInput&apos;) and text()=&apos;Floor Number&apos;]|//label/div[text()=&apos;Floor Number&apos;])/ancestor::div[starts-with(@id,&apos;ls-&apos;)]//input/..&quot;}
  (Session info: chrome=119.0.6045.159)
For documentation on this error, please visit: https://www.selenium.dev/documentation/webdriver/troubleshooting/errors#no-such-element-exception
Build info: version: &apos;4.13.0&apos;, revision: &apos;ba948ece5b*&apos;
System info: os.name: &apos;Linux&apos;, os.arch: &apos;amd64&apos;, os.version: &apos;5.15.0-89-generic&apos;, java.version: &apos;11.0.15.1&apos;
Driver info: org.openqa.selenium.chrome.ChromeDriver
Command: [a233beafd7d5d714d921fab8bb475397, findElement {using=xpath, value=(//label[contains(@for,&apos;nbInput&apos;) and text()=&apos;Floor Number&apos;]|//label/div[text()=&apos;Floor Number&apos;])/ancestor::div[starts-with(@id,&apos;ls-&apos;)]//input/..}]
Capabilities {acceptInsecureCerts: false, browserName: chrome, browserVersion: 119.0.6045.159, chrome: {chromedriverVersion: 119.0.6045.105 (38c72552c5e..., userDataDir: /tmp/.org.chromium.Chromium...}, fedcm:accounts: true, goog:chromeOptions: {debuggerAddress: localhost:44281}, networkConnectionEnabled: false, pageLoadStrategy: normal, platformName: linux, proxy: Proxy(), se:cdp: ws://localhost:44281/devtoo..., se:cdpVersion: 119.0.6045.159, setWindowRect: true, strictFileInteractability: false, timeouts: {implicit: 0, pageLoad: 300000, script: 30000}, unhandledPromptBehavior: dismiss and notify, webauthn:extension:credBlob: true, webauthn:extension:largeBlob: true, webauthn:extension:minPinLength: true, webauthn:extension:prf: true, webauthn:virtualAuthenticators: true}
Session ID: a233beafd7d5d714d921fab8bb475397
	at jdk.internal.reflect.GeneratedConstructorAccessor19.newInstance(Unknown Source)
	at java.base/jdk.internal.reflect.DelegatingConstructorAccessorImpl.newInstance(DelegatingConstructorAccessorImpl.java:45)
	at java.base/java.lang.reflect.Constructor.newInstance(Constructor.java:490)
	at org.openqa.selenium.remote.codec.w3c.W3CHttpResponseCodec.createException(W3CHttpResponseCodec.java:200)
	at org.openqa.selenium.remote.codec.w3c.W3CHttpResponseCodec.decode(W3CHttpResponseCodec.java:133)
	at org.openqa.selenium.remote.codec.w3c.W3CHttpResponseCodec.decode(W3CHttpResponseCodec.java:52)
	at org.openqa.selenium.remote.HttpCommandExecutor.execute(HttpCommandExecutor.java:191)
	at org.openqa.selenium.remote.service.DriverCommandExecutor.invokeExecute(DriverCommandExecutor.java:196)
	at org.openqa.selenium.remote.service.DriverCommandExecutor.execute(DriverCommandExecutor.java:171)
	at org.openqa.selenium.remote.RemoteWebDriver.execute(RemoteWebDriver.java:602)
	at org.openqa.selenium.remote.ElementLocation$ElementFinder$2.findElement(ElementLocation.java:165)
	at org.openqa.selenium.remote.ElementLocation.findElement(ElementLocation.java:59)
	at org.openqa.selenium.remote.RemoteWebDriver.findElement(RemoteWebDriver.java:359)
	at org.openqa.selenium.remote.RemoteWebDriver.findElement(RemoteWebDriver.java:353)
	at com.sos.Pages.WebPages.RentalServiceWebPage.enterPropertyDetail(RentalServiceWebPage.java:495)
	at com.sos.stepDefinitions.RAEstampAgreementFlow.lands_on_property_detail_page_and_enters_property_details(RAEstampAgreementFlow.java:92)
	at ✽.Lands on Property Detail Page and Enters Property Details:(file:///home/milind/Desktop/WebTestFolder/ProjectFirst/SoftSolutions/src/test/resources/HSFeatures/NewContiuneFLow.feature:68)
</pre></div><a href='#' onClick='toggleBox("stack-trace1968930601", this, "Click to show all stack frames", "Click to hide stack frames")'>Click to show all stack frames</a>
<div class='stack-trace' id='stack-trace1968930601'><pre>org.openqa.selenium.NoSuchElementException: no such element: Unable to locate element: {&quot;method&quot;:&quot;xpath&quot;,&quot;selector&quot;:&quot;(//label[contains(@for,&apos;nbInput&apos;) and text()=&apos;Floor Number&apos;]|//label/div[text()=&apos;Floor Number&apos;])/ancestor::div[starts-with(@id,&apos;ls-&apos;)]//input/..&quot;}
  (Session info: chrome=119.0.6045.159)
For documentation on this error, please visit: https://www.selenium.dev/documentation/webdriver/troubleshooting/errors#no-such-element-exception
Build info: version: &apos;4.13.0&apos;, revision: &apos;ba948ece5b*&apos;
System info: os.name: &apos;Linux&apos;, os.arch: &apos;amd64&apos;, os.version: &apos;5.15.0-89-generic&apos;, java.version: &apos;11.0.15.1&apos;
Driver info: org.openqa.selenium.chrome.ChromeDriver
Command: [a233beafd7d5d714d921fab8bb475397, findElement {using=xpath, value=(//label[contains(@for,&apos;nbInput&apos;) and text()=&apos;Floor Number&apos;]|//label/div[text()=&apos;Floor Number&apos;])/ancestor::div[starts-with(@id,&apos;ls-&apos;)]//input/..}]
Capabilities {acceptInsecureCerts: false, browserName: chrome, browserVersion: 119.0.6045.159, chrome: {chromedriverVersion: 119.0.6045.105 (38c72552c5e..., userDataDir: /tmp/.org.chromium.Chromium...}, fedcm:accounts: true, goog:chromeOptions: {debuggerAddress: localhost:44281}, networkConnectionEnabled: false, pageLoadStrategy: normal, platformName: linux, proxy: Proxy(), se:cdp: ws://localhost:44281/devtoo..., se:cdpVersion: 119.0.6045.159, setWindowRect: true, strictFileInteractability: false, timeouts: {implicit: 0, pageLoad: 300000, script: 30000}, unhandledPromptBehavior: dismiss and notify, webauthn:extension:credBlob: true, webauthn:extension:largeBlob: true, webauthn:extension:minPinLength: true, webauthn:extension:prf: true, webauthn:virtualAuthenticators: true}
Session ID: a233beafd7d5d714d921fab8bb475397
	at jdk.internal.reflect.GeneratedConstructorAccessor19.newInstance(Unknown Source)
	at java.base/jdk.internal.reflect.DelegatingConstructorAccessorImpl.newInstance(DelegatingConstructorAccessorImpl.java:45)
	at java.base/java.lang.reflect.Constructor.newInstance(Constructor.java:490)
	at org.openqa.selenium.remote.codec.w3c.W3CHttpResponseCodec.createException(W3CHttpResponseCodec.java:200)
	at org.openqa.selenium.remote.codec.w3c.W3CHttpResponseCodec.decode(W3CHttpResponseCodec.java:133)
	at org.openqa.selenium.remote.codec.w3c.W3CHttpResponseCodec.decode(W3CHttpResponseCodec.java:52)
	at org.openqa.selenium.remote.HttpCommandExecutor.execute(HttpCommandExecutor.java:191)
	at org.openqa.selenium.remote.service.DriverCommandExecutor.invokeExecute(DriverCommandExecutor.java:196)
	at org.openqa.selenium.remote.service.DriverCommandExecutor.execute(DriverCommandExecutor.java:171)
	at org.openqa.selenium.remote.RemoteWebDriver.execute(RemoteWebDriver.java:602)
	at org.openqa.selenium.remote.ElementLocation$ElementFinder$2.findElement(ElementLocation.java:165)
	at org.openqa.selenium.remote.ElementLocation.findElement(ElementLocation.java:59)
	at org.openqa.selenium.remote.RemoteWebDriver.findElement(RemoteWebDriver.java:359)
	at org.openqa.selenium.remote.RemoteWebDriver.findElement(RemoteWebDriver.java:353)
	at com.sos.Pages.WebPages.RentalServiceWebPage.enterPropertyDetail(RentalServiceWebPage.java:495)
	at com.sos.stepDefinitions.RAEstampAgreementFlow.lands_on_property_detail_page_and_enters_property_details(RAEstampAgreementFlow.java:92)
	at ✽.Lands on Property Detail Page and Enters Property Details:(file:///home/milind/Desktop/WebTestFolder/ProjectFirst/SoftSolutions/src/test/resources/HSFeatures/NewContiuneFLow.feature:68)
</pre></div></td>
<td>162</td>
<td>com.sos.testRunner.TestNG_TestRunner@4dc27487</td></tr>
<tr>
<td title='com.sos.testRunner.TestNG_TestRunner.runScenario()'><b>runScenario</b><br>Test class: com.sos.testRunner.TestNG_TestRunner<br>Test method: Runs Cucumber Scenarios<br>Parameters: "Validate the functionality for generating a rental agreement estimate with addons", "Verify the flow for Non-MH Rental Agreements"</td>
<td><div><pre>org.openqa.selenium.NoSuchElementException: no such element: Unable to locate element: {&quot;method&quot;:&quot;xpath&quot;,&quot;selector&quot;:&quot;//div[@class=&apos;ls-summary-lineitem&apos; and .//div[@class=&apos;lineitemtitle&apos; and text()=&apos;Next Day Delivery&apos;]]//span[@class=&apos;price&apos;]&quot;}
  (Session info: chrome=119.0.6045.159)
For documentation on this error, please visit: https://www.selenium.dev/documentation/webdriver/troubleshooting/errors#no-such-element-exception
Build info: version: &apos;4.13.0&apos;, revision: &apos;ba948ece5b*&apos;
System info: os.name: &apos;Linux&apos;, os.arch: &apos;amd64&apos;, os.version: &apos;5.15.0-89-generic&apos;, java.version: &apos;11.0.15.1&apos;
Driver info: org.openqa.selenium.chrome.ChromeDriver
Command: [96923bb0b9730ec81252502de1f1ca11, findElement {using=xpath, value=//div[@class=&apos;ls-summary-lineitem&apos; and .//div[@class=&apos;lineitemtitle&apos; and text()=&apos;Next Day Delivery&apos;]]//span[@class=&apos;price&apos;]}]
Capabilities {acceptInsecureCerts: false, browserName: chrome, browserVersion: 119.0.6045.159, chrome: {chromedriverVersion: 119.0.6045.105 (38c72552c5e..., userDataDir: /tmp/.org.chromium.Chromium...}, fedcm:accounts: true, goog:chromeOptions: {debuggerAddress: localhost:43675}, networkConnectionEnabled: false, pageLoadStrategy: normal, platformName: linux, proxy: Proxy(), se:cdp: ws://localhost:43675/devtoo..., se:cdpVersion: 119.0.6045.159, setWindowRect: true, strictFileInteractability: false, timeouts: {implicit: 0, pageLoad: 300000, script: 30000}, unhandledPromptBehavior: dismiss and notify, webauthn:extension:credBlob: true, webauthn:extension:largeBlob: true, webauthn:extension:minPinLength: true, webauthn:extension:prf: true, webauthn:virtualAuthenticators: true}
Session ID: 96923bb0b9730ec81252502de1f1ca11
	at jdk.internal.reflect.GeneratedConstructorAccessor19.newInstance(Unknown Source)
	at java.base/jdk.internal.reflect.DelegatingConstructorAccessorImpl.newInstance(DelegatingConstructorAccessorImpl.java:45)
	at java.base/java.lang.reflect.Constructor.newInstance(Constructor.java:490)
	at org.openqa.selenium.remote.codec.w3c.W3CHttpResponseCodec.createException(W3CHttpResponseCodec.java:200)
	at org.openqa.selenium.remote.codec.w3c.W3CHttpResponseCodec.decode(W3CHttpResponseCodec.java:133)
	at org.openqa.selenium.remote.codec.w3c.W3CHttpResponseCodec.decode(W3CHttpResponseCodec.java:52)
	at org.openqa.selenium.remote.HttpCommandExecutor.execute(HttpCommandExecutor.java:191)
	at org.openqa.selenium.remote.service.DriverCommandExecutor.invokeExecute(DriverCommandExecutor.java:196)
	at org.openqa.selenium.remote.service.DriverCommandExecutor.execute(DriverCommandExecutor.java:171)
	at org.openqa.selenium.remote.RemoteWebDriver.execute(RemoteWebDriver.java:602)
	at org.openqa.selenium.remote.ElementLocation$ElementFinder$2.findElement(ElementLocation.java:165)
	at org.openqa.selenium.remote.ElementLocation.findElement(ElementLocation.java:59)
	at org.openqa.selenium.remote.RemoteWebDriver.findElement(RemoteWebDriver.java:359)
	at org.openqa.selenium.remote.RemoteWebDriver.findElement(RemoteWebDriver.java:353)
	at com.sos.Pages.WebPages.RentalServiceWebPage.getLIneItemsPrice(RentalServiceWebPage.java:607)
	at com.sos.stepDefinitions.RAStampedAgreement.validating_the_title_and_price_details_in_summary_page(RAStampedAgreement.java:130)
	at ✽.validating the title &quot;E-Stamped Agreement&quot; and Price details in SummaryPage(file:///home/milind/Desktop/WebTestFolder/ProjectFirst/SoftSolutions/src/test/resources/HSFeatures/E-Stamped%20Agreement.feature:32)
</pre></div><a href='#' onClick='toggleBox("stack-trace625543580", this, "Click to show all stack frames", "Click to hide stack frames")'>Click to show all stack frames</a>
<div class='stack-trace' id='stack-trace625543580'><pre>org.openqa.selenium.NoSuchElementException: no such element: Unable to locate element: {&quot;method&quot;:&quot;xpath&quot;,&quot;selector&quot;:&quot;//div[@class=&apos;ls-summary-lineitem&apos; and .//div[@class=&apos;lineitemtitle&apos; and text()=&apos;Next Day Delivery&apos;]]//span[@class=&apos;price&apos;]&quot;}
  (Session info: chrome=119.0.6045.159)
For documentation on this error, please visit: https://www.selenium.dev/documentation/webdriver/troubleshooting/errors#no-such-element-exception
Build info: version: &apos;4.13.0&apos;, revision: &apos;ba948ece5b*&apos;
System info: os.name: &apos;Linux&apos;, os.arch: &apos;amd64&apos;, os.version: &apos;5.15.0-89-generic&apos;, java.version: &apos;11.0.15.1&apos;
Driver info: org.openqa.selenium.chrome.ChromeDriver
Command: [96923bb0b9730ec81252502de1f1ca11, findElement {using=xpath, value=//div[@class=&apos;ls-summary-lineitem&apos; and .//div[@class=&apos;lineitemtitle&apos; and text()=&apos;Next Day Delivery&apos;]]//span[@class=&apos;price&apos;]}]
Capabilities {acceptInsecureCerts: false, browserName: chrome, browserVersion: 119.0.6045.159, chrome: {chromedriverVersion: 119.0.6045.105 (38c72552c5e..., userDataDir: /tmp/.org.chromium.Chromium...}, fedcm:accounts: true, goog:chromeOptions: {debuggerAddress: localhost:43675}, networkConnectionEnabled: false, pageLoadStrategy: normal, platformName: linux, proxy: Proxy(), se:cdp: ws://localhost:43675/devtoo..., se:cdpVersion: 119.0.6045.159, setWindowRect: true, strictFileInteractability: false, timeouts: {implicit: 0, pageLoad: 300000, script: 30000}, unhandledPromptBehavior: dismiss and notify, webauthn:extension:credBlob: true, webauthn:extension:largeBlob: true, webauthn:extension:minPinLength: true, webauthn:extension:prf: true, webauthn:virtualAuthenticators: true}
Session ID: 96923bb0b9730ec81252502de1f1ca11
	at jdk.internal.reflect.GeneratedConstructorAccessor19.newInstance(Unknown Source)
	at java.base/jdk.internal.reflect.DelegatingConstructorAccessorImpl.newInstance(DelegatingConstructorAccessorImpl.java:45)
	at java.base/java.lang.reflect.Constructor.newInstance(Constructor.java:490)
	at org.openqa.selenium.remote.codec.w3c.W3CHttpResponseCodec.createException(W3CHttpResponseCodec.java:200)
	at org.openqa.selenium.remote.codec.w3c.W3CHttpResponseCodec.decode(W3CHttpResponseCodec.java:133)
	at org.openqa.selenium.remote.codec.w3c.W3CHttpResponseCodec.decode(W3CHttpResponseCodec.java:52)
	at org.openqa.selenium.remote.HttpCommandExecutor.execute(HttpCommandExecutor.java:191)
	at org.openqa.selenium.remote.service.DriverCommandExecutor.invokeExecute(DriverCommandExecutor.java:196)
	at org.openqa.selenium.remote.service.DriverCommandExecutor.execute(DriverCommandExecutor.java:171)
	at org.openqa.selenium.remote.RemoteWebDriver.execute(RemoteWebDriver.java:602)
	at org.openqa.selenium.remote.ElementLocation$ElementFinder$2.findElement(ElementLocation.java:165)
	at org.openqa.selenium.remote.ElementLocation.findElement(ElementLocation.java:59)
	at org.openqa.selenium.remote.RemoteWebDriver.findElement(RemoteWebDriver.java:359)
	at org.openqa.selenium.remote.RemoteWebDriver.findElement(RemoteWebDriver.java:353)
	at com.sos.Pages.WebPages.RentalServiceWebPage.getLIneItemsPrice(RentalServiceWebPage.java:607)
	at com.sos.stepDefinitions.RAStampedAgreement.validating_the_title_and_price_details_in_summary_page(RAStampedAgreement.java:130)
	at ✽.validating the title &quot;E-Stamped Agreement&quot; and Price details in SummaryPage(file:///home/milind/Desktop/WebTestFolder/ProjectFirst/SoftSolutions/src/test/resources/HSFeatures/E-Stamped%20Agreement.feature:32)
</pre></div></td>
<td>162</td>
<td>com.sos.testRunner.TestNG_TestRunner@4dc27487</td></tr>
<tr>
<td title='com.sos.testRunner.TestNG_TestRunner.runScenario()'><b>runScenario</b><br>Test class: com.sos.testRunner.TestNG_TestRunner<br>Test method: Runs Cucumber Scenarios<br>Parameters: "Generate Estimate", "Verify the Non-MH Rental Agreements flow"</td>
<td><div><pre>org.openqa.selenium.NoSuchElementException: no such element: Unable to locate element: {&quot;method&quot;:&quot;xpath&quot;,&quot;selector&quot;:&quot;(//label[contains(@for,&apos;nbInput&apos;) and text()=&apos;Floor Number&apos;]|//label/div[text()=&apos;Floor Number&apos;])/ancestor::div[starts-with(@id,&apos;ls-&apos;)]//input/..&quot;}
  (Session info: chrome=119.0.6045.159)
For documentation on this error, please visit: https://www.selenium.dev/documentation/webdriver/troubleshooting/errors#no-such-element-exception
Build info: version: &apos;4.13.0&apos;, revision: &apos;ba948ece5b*&apos;
System info: os.name: &apos;Linux&apos;, os.arch: &apos;amd64&apos;, os.version: &apos;5.15.0-89-generic&apos;, java.version: &apos;11.0.15.1&apos;
Driver info: org.openqa.selenium.chrome.ChromeDriver
Command: [5295e4c9bf12d190130651e3d9f7add9, findElement {using=xpath, value=(//label[contains(@for,&apos;nbInput&apos;) and text()=&apos;Floor Number&apos;]|//label/div[text()=&apos;Floor Number&apos;])/ancestor::div[starts-with(@id,&apos;ls-&apos;)]//input/..}]
Capabilities {acceptInsecureCerts: false, browserName: chrome, browserVersion: 119.0.6045.159, chrome: {chromedriverVersion: 119.0.6045.105 (38c72552c5e..., userDataDir: /tmp/.org.chromium.Chromium...}, fedcm:accounts: true, goog:chromeOptions: {debuggerAddress: localhost:41055}, networkConnectionEnabled: false, pageLoadStrategy: normal, platformName: linux, proxy: Proxy(), se:cdp: ws://localhost:41055/devtoo..., se:cdpVersion: 119.0.6045.159, setWindowRect: true, strictFileInteractability: false, timeouts: {implicit: 0, pageLoad: 300000, script: 30000}, unhandledPromptBehavior: dismiss and notify, webauthn:extension:credBlob: true, webauthn:extension:largeBlob: true, webauthn:extension:minPinLength: true, webauthn:extension:prf: true, webauthn:virtualAuthenticators: true}
Session ID: 5295e4c9bf12d190130651e3d9f7add9
	at jdk.internal.reflect.GeneratedConstructorAccessor19.newInstance(Unknown Source)
	at java.base/jdk.internal.reflect.DelegatingConstructorAccessorImpl.newInstance(DelegatingConstructorAccessorImpl.java:45)
	at java.base/java.lang.reflect.Constructor.newInstance(Constructor.java:490)
	at org.openqa.selenium.remote.codec.w3c.W3CHttpResponseCodec.createException(W3CHttpResponseCodec.java:200)
	at org.openqa.selenium.remote.codec.w3c.W3CHttpResponseCodec.decode(W3CHttpResponseCodec.java:133)
	at org.openqa.selenium.remote.codec.w3c.W3CHttpResponseCodec.decode(W3CHttpResponseCodec.java:52)
	at org.openqa.selenium.remote.HttpCommandExecutor.execute(HttpCommandExecutor.java:191)
	at org.openqa.selenium.remote.service.DriverCommandExecutor.invokeExecute(DriverCommandExecutor.java:196)
	at org.openqa.selenium.remote.service.DriverCommandExecutor.execute(DriverCommandExecutor.java:171)
	at org.openqa.selenium.remote.RemoteWebDriver.execute(RemoteWebDriver.java:602)
	at org.openqa.selenium.remote.ElementLocation$ElementFinder$2.findElement(ElementLocation.java:165)
	at org.openqa.selenium.remote.ElementLocation.findElement(ElementLocation.java:59)
	at org.openqa.selenium.remote.RemoteWebDriver.findElement(RemoteWebDriver.java:359)
	at org.openqa.selenium.remote.RemoteWebDriver.findElement(RemoteWebDriver.java:353)
	at com.sos.Pages.WebPages.RentalServiceWebPage.enterPropertyDetail(RentalServiceWebPage.java:495)
	at com.sos.stepDefinitions.RAEstampAgreementFlow.lands_on_property_detail_page_and_enters_property_details(RAEstampAgreementFlow.java:92)
	at ✽.Lands on Property Detail Page and Enters Property Details:(file:///home/milind/Desktop/WebTestFolder/ProjectFirst/SoftSolutions/src/test/resources/HSFeatures/NewContiuneFLow.feature:13)
</pre></div><a href='#' onClick='toggleBox("stack-trace1328940672", this, "Click to show all stack frames", "Click to hide stack frames")'>Click to show all stack frames</a>
<div class='stack-trace' id='stack-trace1328940672'><pre>org.openqa.selenium.NoSuchElementException: no such element: Unable to locate element: {&quot;method&quot;:&quot;xpath&quot;,&quot;selector&quot;:&quot;(//label[contains(@for,&apos;nbInput&apos;) and text()=&apos;Floor Number&apos;]|//label/div[text()=&apos;Floor Number&apos;])/ancestor::div[starts-with(@id,&apos;ls-&apos;)]//input/..&quot;}
  (Session info: chrome=119.0.6045.159)
For documentation on this error, please visit: https://www.selenium.dev/documentation/webdriver/troubleshooting/errors#no-such-element-exception
Build info: version: &apos;4.13.0&apos;, revision: &apos;ba948ece5b*&apos;
System info: os.name: &apos;Linux&apos;, os.arch: &apos;amd64&apos;, os.version: &apos;5.15.0-89-generic&apos;, java.version: &apos;11.0.15.1&apos;
Driver info: org.openqa.selenium.chrome.ChromeDriver
Command: [5295e4c9bf12d190130651e3d9f7add9, findElement {using=xpath, value=(//label[contains(@for,&apos;nbInput&apos;) and text()=&apos;Floor Number&apos;]|//label/div[text()=&apos;Floor Number&apos;])/ancestor::div[starts-with(@id,&apos;ls-&apos;)]//input/..}]
Capabilities {acceptInsecureCerts: false, browserName: chrome, browserVersion: 119.0.6045.159, chrome: {chromedriverVersion: 119.0.6045.105 (38c72552c5e..., userDataDir: /tmp/.org.chromium.Chromium...}, fedcm:accounts: true, goog:chromeOptions: {debuggerAddress: localhost:41055}, networkConnectionEnabled: false, pageLoadStrategy: normal, platformName: linux, proxy: Proxy(), se:cdp: ws://localhost:41055/devtoo..., se:cdpVersion: 119.0.6045.159, setWindowRect: true, strictFileInteractability: false, timeouts: {implicit: 0, pageLoad: 300000, script: 30000}, unhandledPromptBehavior: dismiss and notify, webauthn:extension:credBlob: true, webauthn:extension:largeBlob: true, webauthn:extension:minPinLength: true, webauthn:extension:prf: true, webauthn:virtualAuthenticators: true}
Session ID: 5295e4c9bf12d190130651e3d9f7add9
	at jdk.internal.reflect.GeneratedConstructorAccessor19.newInstance(Unknown Source)
	at java.base/jdk.internal.reflect.DelegatingConstructorAccessorImpl.newInstance(DelegatingConstructorAccessorImpl.java:45)
	at java.base/java.lang.reflect.Constructor.newInstance(Constructor.java:490)
	at org.openqa.selenium.remote.codec.w3c.W3CHttpResponseCodec.createException(W3CHttpResponseCodec.java:200)
	at org.openqa.selenium.remote.codec.w3c.W3CHttpResponseCodec.decode(W3CHttpResponseCodec.java:133)
	at org.openqa.selenium.remote.codec.w3c.W3CHttpResponseCodec.decode(W3CHttpResponseCodec.java:52)
	at org.openqa.selenium.remote.HttpCommandExecutor.execute(HttpCommandExecutor.java:191)
	at org.openqa.selenium.remote.service.DriverCommandExecutor.invokeExecute(DriverCommandExecutor.java:196)
	at org.openqa.selenium.remote.service.DriverCommandExecutor.execute(DriverCommandExecutor.java:171)
	at org.openqa.selenium.remote.RemoteWebDriver.execute(RemoteWebDriver.java:602)
	at org.openqa.selenium.remote.ElementLocation$ElementFinder$2.findElement(ElementLocation.java:165)
	at org.openqa.selenium.remote.ElementLocation.findElement(ElementLocation.java:59)
	at org.openqa.selenium.remote.RemoteWebDriver.findElement(RemoteWebDriver.java:359)
	at org.openqa.selenium.remote.RemoteWebDriver.findElement(RemoteWebDriver.java:353)
	at com.sos.Pages.WebPages.RentalServiceWebPage.enterPropertyDetail(RentalServiceWebPage.java:495)
	at com.sos.stepDefinitions.RAEstampAgreementFlow.lands_on_property_detail_page_and_enters_property_details(RAEstampAgreementFlow.java:92)
	at ✽.Lands on Property Detail Page and Enters Property Details:(file:///home/milind/Desktop/WebTestFolder/ProjectFirst/SoftSolutions/src/test/resources/HSFeatures/NewContiuneFLow.feature:13)
</pre></div></td>
<td>165</td>
<td>com.sos.testRunner.TestNG_TestRunner@4dc27487</td></tr>
<tr>
<td title='com.sos.testRunner.TestNG_TestRunner.runScenario()'><b>runScenario</b><br>Test class: com.sos.testRunner.TestNG_TestRunner<br>Test method: Runs Cucumber Scenarios<br>Parameters: "Validate the functionality for generating a rental agreement estimate without any addons", "Verify the flow for Non-MH Rental Agreements"</td>
<td><div><pre>java.lang.AssertionError: Actual total does not match either expected total expected [true] but found [false]
	at org.testng.Assert.fail(Assert.java:111)
	at org.testng.Assert.failNotEquals(Assert.java:1578)
	at org.testng.Assert.assertTrue(Assert.java:57)
	at com.sos.stepDefinitions.RAStampedAgreement.validateTitleAndPriceInSummaryPage(RAStampedAgreement.java:99)
	at ✽.validate the title &quot;E-Stamped Agreement&quot; and Price details in SummaryPage(file:///home/milind/Desktop/WebTestFolder/ProjectFirst/SoftSolutions/src/test/resources/HSFeatures/E-Stamped%20Agreement.feature:17)
</pre></div><a href='#' onClick='toggleBox("stack-trace767460599", this, "Click to show all stack frames", "Click to hide stack frames")'>Click to show all stack frames</a>
<div class='stack-trace' id='stack-trace767460599'><pre>java.lang.AssertionError: Actual total does not match either expected total expected [true] but found [false]
	at org.testng.Assert.fail(Assert.java:111)
	at org.testng.Assert.failNotEquals(Assert.java:1578)
	at org.testng.Assert.assertTrue(Assert.java:57)
	at com.sos.stepDefinitions.RAStampedAgreement.validateTitleAndPriceInSummaryPage(RAStampedAgreement.java:99)
	at ✽.validate the title &quot;E-Stamped Agreement&quot; and Price details in SummaryPage(file:///home/milind/Desktop/WebTestFolder/ProjectFirst/SoftSolutions/src/test/resources/HSFeatures/E-Stamped%20Agreement.feature:17)
</pre></div></td>
<td>125</td>
<td>com.sos.testRunner.TestNG_TestRunner@4dc27487</td></tr>
<tr>
<td title='com.sos.testRunner.TestNG_TestRunner.runScenario()'><b>runScenario</b><br>Test class: com.sos.testRunner.TestNG_TestRunner<br>Test method: Runs Cucumber Scenarios<br>Parameters: "Verify the Contract Detail Edit Functionality from Summary", "Verify the flow for Non-MH Rental Agreements"</td>
<td><div><pre>java.lang.AssertionError: Failed to click on element [By.id: 652ce3c3ce221b0001d6c659]
	at org.testng.Assert.fail(Assert.java:111)
	at com.sos.CommonFactory.CommonSelenium.click(CommonSelenium.java:200)
	at com.sos.Pages.WebPages.RentalServiceWebPage.selectExtraCopy(RentalServiceWebPage.java:632)
	at com.sos.stepDefinitions.RAStampedAgreement.user_clicks_on_number_of_extracopy_button(RAStampedAgreement.java:306)
	at ✽.User clicking on Number of Extracopy &quot;2&quot; button.(file:///home/milind/Desktop/WebTestFolder/ProjectFirst/SoftSolutions/src/test/resources/HSFeatures/E-Stamped%20Agreement.feature:134)
</pre></div><a href='#' onClick='toggleBox("stack-trace1843163398", this, "Click to show all stack frames", "Click to hide stack frames")'>Click to show all stack frames</a>
<div class='stack-trace' id='stack-trace1843163398'><pre>java.lang.AssertionError: Failed to click on element [By.id: 652ce3c3ce221b0001d6c659]
	at org.testng.Assert.fail(Assert.java:111)
	at com.sos.CommonFactory.CommonSelenium.click(CommonSelenium.java:200)
	at com.sos.Pages.WebPages.RentalServiceWebPage.selectExtraCopy(RentalServiceWebPage.java:632)
	at com.sos.stepDefinitions.RAStampedAgreement.user_clicks_on_number_of_extracopy_button(RAStampedAgreement.java:306)
	at ✽.User clicking on Number of Extracopy &quot;2&quot; button.(file:///home/milind/Desktop/WebTestFolder/ProjectFirst/SoftSolutions/src/test/resources/HSFeatures/E-Stamped%20Agreement.feature:134)
</pre></div></td>
<td>223</td>
<td>com.sos.testRunner.TestNG_TestRunner@4dc27487</td></tr>
</table><p>
<table width='100%' border='1' class='invocation-passed'>
<tr><td colspan='4' align='center'><b>PASSED TESTS</b></td></tr>
<tr><td><b>Test method</b></td>
<td><b>Attribute(s)</b></td>
<td width="30%"><b>Exception</b></td>
<td width="10%"><b>Time (seconds)</b></td>
<td><b>Instance</b></td>
</tr>
<tr>
<td title='com.sos.testRunner.TestNG_TestRunner.runScenario()'><b>runScenario</b><br>Test class: com.sos.testRunner.TestNG_TestRunner<br>Test method: Runs Cucumber Scenarios<br>Parameters: "Instant Verification Package Functionality", "Verify the Tenant Verification Flow"</td>
<td></td>
<td>98</td>
<td>com.sos.testRunner.TestNG_TestRunner@4dc27487</td></tr>
<tr>
<td title='com.sos.testRunner.TestNG_TestRunner.runScenario()'><b>runScenario</b><br>Test class: com.sos.testRunner.TestNG_TestRunner<br>Test method: Runs Cucumber Scenarios<br>Parameters: "Verify the property Details Edit Functionality from Summary", "Verify the flow for Non-MH Rental Agreements"</td>
<td></td>
<td>165</td>
<td>com.sos.testRunner.TestNG_TestRunner@4dc27487</td></tr>
<tr>
<td title='com.sos.testRunner.TestNG_TestRunner.runScenario()'><b>runScenario</b><br>Test class: com.sos.testRunner.TestNG_TestRunner<br>Test method: Runs Cucumber Scenarios<br>Parameters: "Verify the Tenant Detail Edit Functionality from Summary", "Verify the flow for Non-MH Rental Agreements"</td>
<td></td>
<td>156</td>
<td>com.sos.testRunner.TestNG_TestRunner@4dc27487</td></tr>
<tr>
<td title='com.sos.testRunner.TestNG_TestRunner.runScenario()'><b>runScenario</b><br>Test class: com.sos.testRunner.TestNG_TestRunner<br>Test method: Runs Cucumber Scenarios<br>Parameters: "Basic Verification Package Functionality", "Verify the Tenant Verification Flow"</td>
<td></td>
<td>131</td>
<td>com.sos.testRunner.TestNG_TestRunner@4dc27487</td></tr>
<tr>
<td title='com.sos.testRunner.TestNG_TestRunner.runScenario()'><b>runScenario</b><br>Test class: com.sos.testRunner.TestNG_TestRunner<br>Test method: Runs Cucumber Scenarios<br>Parameters: "Verify the Landlord Detail Edit Functionality from Summary", "Verify the flow for Non-MH Rental Agreements"</td>
<td></td>
<td>167</td>
<td>com.sos.testRunner.TestNG_TestRunner@4dc27487</td></tr>
<tr>
<td title='com.sos.testRunner.TestNG_TestRunner.runScenario()'><b>runScenario</b><br>Test class: com.sos.testRunner.TestNG_TestRunner<br>Test method: Runs Cucumber Scenarios<br>Parameters: "Standard Verification Package Functionality", "Verify the Tenant Verification Flow"</td>
<td></td>
<td>113</td>
<td>com.sos.testRunner.TestNG_TestRunner@4dc27487</td></tr>
<tr>
<td title='com.sos.testRunner.TestNG_TestRunner.runScenario()'><b>runScenario</b><br>Test class: com.sos.testRunner.TestNG_TestRunner<br>Test method: Runs Cucumber Scenarios<br>Parameters: "Comprehensive Verification Package Functionality", "Verify the Tenant Verification Flow"</td>
<td></td>
<td>122</td>
<td>com.sos.testRunner.TestNG_TestRunner@4dc27487</td></tr>
</table><p>
</body>
</html>