<?xml version="1.0" encoding="UTF-8"?>
<!-- Generated by org.testng.reporters.JUnitXMLReporter -->
<testsuite ignored="0" hostname="milind-Latitude-3420" failures="1" tests="1" name="Test" time="14.381" errors="0" timestamp="2023-12-08T08:34:26 IST">
  <testcase classname="io.cucumber.testng.AbstractTestNGCucumberTests" name="runScenario" time="13.064">
    <failure type="java.lang.AssertionError" message="Failed to click on element [By.xpath: //div[contains(@class,&amp;apos;nav-item-content&amp;apos;) and text()=&amp;apos;Log in&amp;apos;]]">
      <![CDATA[java.lang.AssertionError: Failed to click on element [By.xpath: //div[contains(@class,'nav-item-content') and text()='Log in']]
at com.sos.CommonFactory.CommonSelenium.click(CommonSelenium.java:189)
at com.sos.Pages.WebPages.RentalServiceWebPage.loginSignUpMethod(RentalServiceWebPage.java:230)
at com.sos.stepDefinitions.TenantVerifications.the_user_logs_in_with_valid_login_credentials(TenantVerifications.java:26)
at âœ½.the user logs in with valid login credentials(file:///home/milind/Desktop/WebTestFolder/ProjectFirst/SoftSolutions/src/test/resources/HSFeatures/TenatVerifications.feature:5)
... Removed 1 stack frames]]>
    </failure>
  </testcase> <!-- runScenario -->
</testsuite> <!-- Test -->
