<?xml version="1.0" encoding="UTF-8"?>
<!-- Generated by org.testng.reporters.JUnitReportReporter -->
<testsuite hostname="milind-Latitude-3420" failures="5" tests="13" name="com.sos.testRunner.TestNG_TestRunner" time="1950.523" errors="1" timestamp="2023-11-27T22:37:38 IST" skipped="0">
  <testcase classname="com.sos.testRunner.TestNG_TestRunner" name="runScenario" time="44.250"/>
  <testcase classname="com.sos.testRunner.TestNG_TestRunner" name="runScenario" time="136.781">
    <failure message="expected [1872] but found [1854]" type="java.lang.AssertionError">
      <![CDATA[java.lang.AssertionError: expected [1872] but found [1854]
at org.testng.Assert.fail(Assert.java:111)
at org.testng.Assert.failNotEquals(Assert.java:1578)
at org.testng.Assert.assertEqualsImpl(Assert.java:150)
at org.testng.Assert.assertEquals(Assert.java:132)
at org.testng.Assert.assertEquals(Assert.java:1419)
at org.testng.Assert.assertEquals(Assert.java:1383)
at org.testng.Assert.assertEquals(Assert.java:1429)
at com.sos.stepDefinitions.RAUploadYourDraft.validate_the_quotation_price_detailss(RAUploadYourDraft.java:174)
at ✽.validate the Quotation Price Details After adding extracopy(file:///home/milind/Desktop/WebTestFolder/ProjectFirst/SoftSolutions/src/test/resources/HSFeatures/UploadYourDraft.feature:55)
]]>
    </failure>
  </testcase> <!-- runScenario -->
  <testcase classname="com.sos.testRunner.TestNG_TestRunner" name="runScenario" time="37.268">
    <failure message="Failed to click on element [By.xpath: //div[contains(@class,&#039;nav-item-content&#039;) and text()=&#039;Log in&#039;]]" type="java.lang.AssertionError">
      <![CDATA[java.lang.AssertionError: Failed to click on element [By.xpath: //div[contains(@class,'nav-item-content') and text()='Log in']]
at org.testng.Assert.fail(Assert.java:111)
at com.sos.CommonFactory.CommonSelenium.click(CommonSelenium.java:191)
at com.sos.Pages.WebPages.RentalServiceWebPage.loginSignUpMethod(RentalServiceWebPage.java:101)
at com.sos.stepDefinitions.RAStampedAgreement.user_enters_a_valid_phone_number_name_and_email(RAStampedAgreement.java:45)
at ✽.User enters a valid Login Credentials(file:///home/milind/Desktop/WebTestFolder/ProjectFirst/SoftSolutions/src/test/resources/HSFeatures/E-Stamped%20Agreement.feature:5)
]]>
    </failure>
  </testcase> <!-- runScenario -->
  <testcase classname="com.sos.testRunner.TestNG_TestRunner" name="runScenario" time="77.298">
    <failure message="Failed to click on element [By.xpath: //div[@class=&#039;title&#039;] [text()=&#039;Upload your Draft&#039;]//following::button[text()=&#039;Select&#039;]]" type="java.lang.AssertionError">
      <![CDATA[java.lang.AssertionError: Failed to click on element [By.xpath: //div[@class='title'] [text()='Upload your Draft']//following::button[text()='Select']]
at org.testng.Assert.fail(Assert.java:111)
at com.sos.CommonFactory.CommonSelenium.click(CommonSelenium.java:191)
at com.sos.Pages.WebPages.RentalServiceWebPage.selectPackage(RentalServiceWebPage.java:818)
at com.sos.stepDefinitions.RAUploadYourDraft.user_selects_the_package(RAUploadYourDraft.java:75)
at ✽.User selects the "Upload your Draft" package(file:///home/milind/Desktop/WebTestFolder/ProjectFirst/SoftSolutions/src/test/resources/HSFeatures/UploadYourDraft.feature:28)
]]>
    </failure>
  </testcase> <!-- runScenario -->
  <testcase classname="com.sos.testRunner.TestNG_TestRunner" name="runScenario" time="359.921"/>
  <testcase classname="com.sos.testRunner.TestNG_TestRunner" name="runScenario" time="137.819">
    <failure message="expected [1029] but found [1011]" type="java.lang.AssertionError">
      <![CDATA[java.lang.AssertionError: expected [1029] but found [1011]
at org.testng.Assert.fail(Assert.java:111)
at org.testng.Assert.failNotEquals(Assert.java:1578)
at org.testng.Assert.assertEqualsImpl(Assert.java:150)
at org.testng.Assert.assertEquals(Assert.java:132)
at org.testng.Assert.assertEquals(Assert.java:1419)
at org.testng.Assert.assertEquals(Assert.java:1383)
at org.testng.Assert.assertEquals(Assert.java:1429)
at com.sos.stepDefinitions.RAUploadYourDraft.validate_the_quotation_price_details(RAUploadYourDraft.java:123)
at ✽.validate the Quotation Price Details(file:///home/milind/Desktop/WebTestFolder/ProjectFirst/SoftSolutions/src/test/resources/HSFeatures/UploadYourDraft.feature:22)
]]>
    </failure>
  </testcase> <!-- runScenario -->
  <testcase classname="com.sos.testRunner.TestNG_TestRunner" name="runScenario" time="172.472"/>
  <testcase classname="com.sos.testRunner.TestNG_TestRunner" name="runScenario" time="132.166"/>
  <testcase classname="com.sos.testRunner.TestNG_TestRunner" name="runScenario" time="166.818"/>
  <testcase classname="com.sos.testRunner.TestNG_TestRunner" name="runScenario" time="168.677"/>
  <testcase classname="com.sos.testRunner.TestNG_TestRunner" name="runScenario" time="128.929">
    <failure message="expected [1872] but found [1854]" type="java.lang.AssertionError">
      <![CDATA[java.lang.AssertionError: expected [1872] but found [1854]
at org.testng.Assert.fail(Assert.java:111)
at org.testng.Assert.failNotEquals(Assert.java:1578)
at org.testng.Assert.assertEqualsImpl(Assert.java:150)
at org.testng.Assert.assertEquals(Assert.java:132)
at org.testng.Assert.assertEquals(Assert.java:1419)
at org.testng.Assert.assertEquals(Assert.java:1383)
at org.testng.Assert.assertEquals(Assert.java:1429)
at com.sos.stepDefinitions.RAUploadYourDraft.validate_the_quotation_price_detailss(RAUploadYourDraft.java:174)
at ✽.validate the Quotation Price Details After adding extracopy(file:///home/milind/Desktop/WebTestFolder/ProjectFirst/SoftSolutions/src/test/resources/HSFeatures/UploadYourDraft.feature:74)
]]>
    </failure>
  </testcase> <!-- runScenario -->
  <testcase classname="com.sos.testRunner.TestNG_TestRunner" name="runScenario" time="127.906">
    <error message="no such element: Unable to locate element: {&quot;method&quot;:&quot;css selector&quot;,&quot;selector&quot;:&quot;div[class*=&#039;current-month&#039;]&quot;}
  (Session info: chrome=117.0.5938.149)
For documentation on this error, please visit: https://www.selenium.dev/documentation/webdriver/troubleshooting/errors#no-such-element-exception
Build info: version: &#039;4.13.0&#039;, revision: &#039;ba948ece5b*&#039;
System info: os.name: &#039;Linux&#039;, os.arch: &#039;amd64&#039;, os.version: &#039;5.15.0-88-generic&#039;, java.version: &#039;11.0.15.1&#039;
Driver info: org.openqa.selenium.chrome.ChromeDriver
Command: [1b5a67b0f2ec15e9cc682922031082d7, findElement {using=css selector, value=div[class*=&#039;current-month&#039;]}]
Capabilities {acceptInsecureCerts: false, browserName: chrome, browserVersion: 117.0.5938.149, chrome: {chromedriverVersion: 117.0.5938.149 (e3344ddefa1..., userDataDir: /tmp/.org.chromium.Chromium...}, fedcm:accounts: true, goog:chromeOptions: {debuggerAddress: localhost:45513}, networkConnectionEnabled: false, pageLoadStrategy: normal, platformName: linux, proxy: Proxy(), se:cdp: ws://localhost:45513/devtoo..., se:cdpVersion: 117.0.5938.149, setWindowRect: true, strictFileInteractability: false, timeouts: {implicit: 0, pageLoad: 300000, script: 30000}, unhandledPromptBehavior: dismiss and notify, webauthn:extension:credBlob: true, webauthn:extension:largeBlob: true, webauthn:extension:minPinLength: true, webauthn:extension:prf: true, webauthn:virtualAuthenticators: true}
Session ID: 1b5a67b0f2ec15e9cc682922031082d7" type="org.openqa.selenium.NoSuchElementException">
      <![CDATA[org.openqa.selenium.NoSuchElementException: no such element: Unable to locate element: {"method":"css selector","selector":"div[class*='current-month']"}
  (Session info: chrome=117.0.5938.149)
For documentation on this error, please visit: https://www.selenium.dev/documentation/webdriver/troubleshooting/errors#no-such-element-exception
Build info: version: '4.13.0', revision: 'ba948ece5b*'
System info: os.name: 'Linux', os.arch: 'amd64', os.version: '5.15.0-88-generic', java.version: '11.0.15.1'
Driver info: org.openqa.selenium.chrome.ChromeDriver
Command: [1b5a67b0f2ec15e9cc682922031082d7, findElement {using=css selector, value=div[class*='current-month']}]
Capabilities {acceptInsecureCerts: false, browserName: chrome, browserVersion: 117.0.5938.149, chrome: {chromedriverVersion: 117.0.5938.149 (e3344ddefa1..., userDataDir: /tmp/.org.chromium.Chromium...}, fedcm:accounts: true, goog:chromeOptions: {debuggerAddress: localhost:45513}, networkConnectionEnabled: false, pageLoadStrategy: normal, platformName: linux, proxy: Proxy(), se:cdp: ws://localhost:45513/devtoo..., se:cdpVersion: 117.0.5938.149, setWindowRect: true, strictFileInteractability: false, timeouts: {implicit: 0, pageLoad: 300000, script: 30000}, unhandledPromptBehavior: dismiss and notify, webauthn:extension:credBlob: true, webauthn:extension:largeBlob: true, webauthn:extension:minPinLength: true, webauthn:extension:prf: true, webauthn:virtualAuthenticators: true}
Session ID: 1b5a67b0f2ec15e9cc682922031082d7
at jdk.internal.reflect.GeneratedConstructorAccessor17.newInstance(Unknown Source)
at java.base/jdk.internal.reflect.DelegatingConstructorAccessorImpl.newInstance(DelegatingConstructorAccessorImpl.java:45)
at java.base/java.lang.reflect.Constructor.newInstance(Constructor.java:490)
at org.openqa.selenium.remote.codec.w3c.W3CHttpResponseCodec.createException(W3CHttpResponseCodec.java:200)
at org.openqa.selenium.remote.codec.w3c.W3CHttpResponseCodec.decode(W3CHttpResponseCodec.java:133)
at org.openqa.selenium.remote.codec.w3c.W3CHttpResponseCodec.decode(W3CHttpResponseCodec.java:52)
at org.openqa.selenium.remote.HttpCommandExecutor.execute(HttpCommandExecutor.java:191)
at org.openqa.selenium.remote.service.DriverCommandExecutor.invokeExecute(DriverCommandExecutor.java:196)
at org.openqa.selenium.remote.service.DriverCommandExecutor.execute(DriverCommandExecutor.java:171)
at org.openqa.selenium.remote.RemoteWebDriver.execute(RemoteWebDriver.java:602)
at org.openqa.selenium.remote.ElementLocation$ElementFinder$2.findElement(ElementLocation.java:165)
at org.openqa.selenium.remote.ElementLocation.findElement(ElementLocation.java:59)
at org.openqa.selenium.remote.RemoteWebDriver.findElement(RemoteWebDriver.java:359)
at org.openqa.selenium.remote.RemoteWebDriver.findElement(RemoteWebDriver.java:353)
at com.sos.Pages.WebPages.RentalServiceWebPage.genrateEstimate(RentalServiceWebPage.java:153)
at com.sos.stepDefinitions.RAEstampAgreementFlow.user_selects_stamp_agreement_duration_and_notarised_agreement_e_sign_and_delivery_addons(RAEstampAgreementFlow.java:61)
at ✽.User Selects Stamp "₹ 100 Stamp", Agreement Duration "October 2023", and Notarised Agreement, E-Sign 2 and Delivery addons(file:///home/milind/Desktop/WebTestFolder/ProjectFirst/SoftSolutions/src/test/resources/HSFeatures/NewContiuneFLow.feature:10)
]]>
    </error>
  </testcase> <!-- runScenario -->
  <testcase classname="com.sos.testRunner.TestNG_TestRunner" name="runScenario" time="260.218"/>
</testsuite> <!-- com.sos.testRunner.TestNG_TestRunner -->
